build/app/intermediates/manifest_merge_blame_file/debug/manifest-merger-blame-debug-report.txt
1<?xml version="1.0" encoding="utf-8"?>
2<manifest xmlns:android="http://schemas.android.com/apk/res/android"
3    package="com.haisoukanri.haisoukanriflutter"
4    android:versionCode="1"
5    android:versionName="1.0.0" >
6
7    <uses-sdk
8        android:minSdkVersion="21"
9        android:targetSdkVersion="30" />
10    <!--
11         Flutter needs it to communicate with the running application
12         to allow setting breakpoints, to provide hot reload, etc.
13    -->
14    <uses-permission android:name="android.permission.INTERNET" />
14-->src\debug\AndroidManifest.xml:6:5-66
14-->src\debug\AndroidManifest.xml:6:22-64
15    <uses-permission android:name="android.permission.USE_FINGERPRINT" />
15-->src\main\AndroidManifest.xml:43:5-73
15-->src\main\AndroidManifest.xml:43:22-71
16    <uses-permission android:name="android.permission.WAKE_LOCK" />
16-->[:firebase_messaging] AndroidManifest.xml:8:5-68
16-->[:firebase_messaging] AndroidManifest.xml:8:22-65
17    <uses-permission android:name="android.permission.ACCESS_NETWORK_STATE" />
17-->[:firebase_messaging] AndroidManifest.xml:9:5-79
17-->[:firebase_messaging] AndroidManifest.xml:9:22-76
18    <uses-permission android:name="android.permission.CAMERA" />
18-->[:camera] AndroidManifest.xml:9:5-65
18-->[:camera] AndroidManifest.xml:9:22-62
19    <uses-permission android:name="android.permission.RECORD_AUDIO" /> <!-- Required by older versions of Google Play services to create IID tokens -->
19-->[:camera] AndroidManifest.xml:10:5-71
19-->[:camera] AndroidManifest.xml:10:22-68
20    <uses-permission android:name="com.google.android.c2dm.permission.RECEIVE" />
20-->[com.google.firebase:firebase-messaging:22.0.0] AndroidManifest.xml:25:5-82
20-->[com.google.firebase:firebase-messaging:22.0.0] AndroidManifest.xml:25:22-79
21    <uses-permission android:name="android.permission.USE_BIOMETRIC" />
21-->[androidx.biometric:biometric:1.1.0] AndroidManifest.xml:24:5-72
21-->[androidx.biometric:biometric:1.1.0] AndroidManifest.xml:24:22-69
22
23    <uses-feature
23-->[com.google.android.gms:play-services-maps:17.0.0] AndroidManifest.xml:26:5-28:35
24        android:glEsVersion="0x00020000"
24-->[com.google.android.gms:play-services-maps:17.0.0] AndroidManifest.xml:27:9-41
25        android:required="true" />
25-->[com.google.android.gms:play-services-maps:17.0.0] AndroidManifest.xml:28:9-32
26
27    <application
27-->src\main\AndroidManifest.xml:3:4-42:19
28        android:appComponentFactory="androidx.core.app.CoreComponentFactory"
28-->[androidx.core:core:1.6.0] AndroidManifest.xml:24:18-86
29        android:debuggable="true"
30        android:icon="@mipmap/ic_launcher"
30-->src\main\AndroidManifest.xml:5:9-43
31        android:label="b13_flutter" >
31-->src\main\AndroidManifest.xml:4:9-36
32        <meta-data
32-->src\main\AndroidManifest.xml:6:9-7:73
33            android:name="com.google.android.geo.API_KEY"
33-->src\main\AndroidManifest.xml:6:20-65
34            android:value="AIzaSyD7fyFpvIuX6y4Su3kNjOrRA_6Wrao3u7E" />
34-->src\main\AndroidManifest.xml:7:16-71
35
36        <activity
36-->src\main\AndroidManifest.xml:8:9-36:20
37            android:name="com.example.b13_flutter.MainActivity"
37-->src\main\AndroidManifest.xml:9:13-41
38            android:configChanges="orientation|keyboardHidden|keyboard|screenSize|smallestScreenSize|locale|layoutDirection|fontScale|screenLayout|density|uiMode"
38-->src\main\AndroidManifest.xml:12:13-163
39            android:hardwareAccelerated="true"
39-->src\main\AndroidManifest.xml:13:13-47
40            android:launchMode="singleTop"
40-->src\main\AndroidManifest.xml:10:13-43
41            android:theme="@style/LaunchTheme"
41-->src\main\AndroidManifest.xml:11:13-47
42            android:windowSoftInputMode="adjustResize" >
42-->src\main\AndroidManifest.xml:14:13-55
43
44            <!--
45                 Specifies an Android theme to apply to this Activity as soon as
46                 the Android process has started. This theme is visible to the user
47                 while the Flutter UI initializes. After that, this theme continues
48                 to determine the Window background behind the Flutter UI.
49            -->
50            <meta-data
50-->src\main\AndroidManifest.xml:19:13-22:17
51                android:name="io.flutter.embedding.android.NormalTheme"
51-->src\main\AndroidManifest.xml:20:15-70
52                android:resource="@style/NormalTheme" />
52-->src\main\AndroidManifest.xml:21:15-52
53            <!--
54                 Displays an Android View that continues showing the launch screen
55                 Drawable until Flutter paints its first frame, then this splash
56                 screen fades out. A splash screen is useful to avoid any visual
57                 gap between the end of Android's launch screen and the painting of
58                 Flutter's first frame.
59            -->
60            <meta-data
60-->src\main\AndroidManifest.xml:28:13-31:17
61                android:name="io.flutter.embedding.android.SplashScreenDrawable"
61-->src\main\AndroidManifest.xml:29:15-79
62                android:resource="@drawable/launch_background" />
62-->src\main\AndroidManifest.xml:30:15-61
63
64            <intent-filter>
64-->src\main\AndroidManifest.xml:32:13-35:29
65                <action android:name="android.intent.action.MAIN" />
65-->src\main\AndroidManifest.xml:33:17-68
65-->src\main\AndroidManifest.xml:33:25-66
66
67                <category android:name="android.intent.category.LAUNCHER" />
67-->src\main\AndroidManifest.xml:34:17-76
67-->src\main\AndroidManifest.xml:34:27-74
68            </intent-filter>
69        </activity>
70        <!--
71             Don't delete the meta-data below.
72             This is used by the Flutter tool to generate GeneratedPluginRegistrant.java
73        -->
74        <meta-data
74-->src\main\AndroidManifest.xml:39:9-41:33
75            android:name="flutterEmbedding"
75-->src\main\AndroidManifest.xml:40:13-44
76            android:value="2" />
76-->src\main\AndroidManifest.xml:41:13-30
77
78        <service
78-->[:firebase_auth] AndroidManifest.xml:8:9-12:19
79            android:name="com.google.firebase.components.ComponentDiscoveryService"
79-->[:firebase_auth] AndroidManifest.xml:8:18-89
80            android:directBootAware="true"
80-->[com.google.firebase:firebase-common:20.0.0] AndroidManifest.xml:35:13-43
81            android:exported="false" >
81-->[com.google.firebase:firebase-auth:21.0.1] AndroidManifest.xml:76:13-37
82            <meta-data
82-->[:firebase_auth] AndroidManifest.xml:9:13-11:85
83                android:name="com.google.firebase.components:io.flutter.plugins.firebase.auth.FlutterFirebaseAuthRegistrar"
83-->[:firebase_auth] AndroidManifest.xml:10:17-124
84                android:value="com.google.firebase.components.ComponentRegistrar" />
84-->[:firebase_auth] AndroidManifest.xml:11:17-82
85            <meta-data
85-->[:firebase_messaging] AndroidManifest.xml:34:13-36:85
86                android:name="com.google.firebase.components:io.flutter.plugins.firebase.messaging.FlutterFirebaseAppRegistrar"
86-->[:firebase_messaging] AndroidManifest.xml:35:17-128
87                android:value="com.google.firebase.components.ComponentRegistrar" />
87-->[:firebase_messaging] AndroidManifest.xml:36:17-82
88            <meta-data
88-->[:firebase_core] AndroidManifest.xml:9:13-11:85
89                android:name="com.google.firebase.components:io.flutter.plugins.firebase.core.FlutterFirebaseCoreRegistrar"
89-->[:firebase_core] AndroidManifest.xml:10:17-124
90                android:value="com.google.firebase.components.ComponentRegistrar" />
90-->[:firebase_core] AndroidManifest.xml:11:17-82
91            <meta-data
91-->[com.google.firebase:firebase-auth:21.0.1] AndroidManifest.xml:77:13-79:85
92                android:name="com.google.firebase.components:com.google.firebase.auth.FirebaseAuthRegistrar"
92-->[com.google.firebase:firebase-auth:21.0.1] AndroidManifest.xml:78:17-109
93                android:value="com.google.firebase.components.ComponentRegistrar" />
93-->[com.google.firebase:firebase-auth:21.0.1] AndroidManifest.xml:79:17-82
94            <meta-data
94-->[com.google.firebase:firebase-messaging:22.0.0] AndroidManifest.xml:52:13-54:85
95                android:name="com.google.firebase.components:com.google.firebase.messaging.FirebaseMessagingRegistrar"
95-->[com.google.firebase:firebase-messaging:22.0.0] AndroidManifest.xml:53:17-119
96                android:value="com.google.firebase.components.ComponentRegistrar" />
96-->[com.google.firebase:firebase-messaging:22.0.0] AndroidManifest.xml:54:17-82
97            <meta-data
97-->[com.google.firebase:firebase-datatransport:18.0.0] AndroidManifest.xml:28:13-30:85
98                android:name="com.google.firebase.components:com.google.firebase.datatransport.TransportRegistrar"
98-->[com.google.firebase:firebase-datatransport:18.0.0] AndroidManifest.xml:29:17-115
99                android:value="com.google.firebase.components.ComponentRegistrar" />
99-->[com.google.firebase:firebase-datatransport:18.0.0] AndroidManifest.xml:30:17-82
100            <meta-data
100-->[com.google.firebase:firebase-installations:17.0.0] AndroidManifest.xml:18:13-20:85
101                android:name="com.google.firebase.components:com.google.firebase.installations.FirebaseInstallationsRegistrar"
101-->[com.google.firebase:firebase-installations:17.0.0] AndroidManifest.xml:19:17-127
102                android:value="com.google.firebase.components.ComponentRegistrar" />
102-->[com.google.firebase:firebase-installations:17.0.0] AndroidManifest.xml:20:17-82
103        </service>
104        <service
104-->[:firebase_messaging] AndroidManifest.xml:12:9-15:72
105            android:name="io.flutter.plugins.firebase.messaging.FlutterFirebaseMessagingBackgroundService"
105-->[:firebase_messaging] AndroidManifest.xml:13:13-107
106            android:exported="false"
106-->[:firebase_messaging] AndroidManifest.xml:14:13-37
107            android:permission="android.permission.BIND_JOB_SERVICE" />
107-->[:firebase_messaging] AndroidManifest.xml:15:13-69
108        <service
108-->[:firebase_messaging] AndroidManifest.xml:16:9-22:19
109            android:name="io.flutter.plugins.firebase.messaging.FlutterFirebaseMessagingService"
109-->[:firebase_messaging] AndroidManifest.xml:17:13-97
110            android:exported="false" >
110-->[:firebase_messaging] AndroidManifest.xml:18:13-37
111            <intent-filter>
111-->[:firebase_messaging] AndroidManifest.xml:19:13-21:29
112                <action android:name="com.google.firebase.MESSAGING_EVENT" />
112-->[:firebase_messaging] AndroidManifest.xml:20:17-78
112-->[:firebase_messaging] AndroidManifest.xml:20:25-75
113            </intent-filter>
114        </service>
115
116        <receiver
116-->[:firebase_messaging] AndroidManifest.xml:24:9-31:20
117            android:name="io.flutter.plugins.firebase.messaging.FlutterFirebaseMessagingReceiver"
117-->[:firebase_messaging] AndroidManifest.xml:25:13-98
118            android:exported="true"
118-->[:firebase_messaging] AndroidManifest.xml:26:13-36
119            android:permission="com.google.android.c2dm.permission.SEND" >
119-->[:firebase_messaging] AndroidManifest.xml:27:13-73
120            <intent-filter>
120-->[:firebase_messaging] AndroidManifest.xml:28:13-30:29
121                <action android:name="com.google.android.c2dm.intent.RECEIVE" />
121-->[:firebase_messaging] AndroidManifest.xml:29:17-81
121-->[:firebase_messaging] AndroidManifest.xml:29:25-78
122            </intent-filter>
123        </receiver>
124
125        <provider
125-->[:firebase_messaging] AndroidManifest.xml:39:9-43:38
126            android:name="io.flutter.plugins.firebase.messaging.FlutterFirebaseMessagingInitProvider"
126-->[:firebase_messaging] AndroidManifest.xml:40:13-102
127            android:authorities="com.haisoukanri.haisoukanriflutter.flutterfirebasemessaginginitprovider"
127-->[:firebase_messaging] AndroidManifest.xml:41:13-88
128            android:exported="false"
128-->[:firebase_messaging] AndroidManifest.xml:42:13-37
129            android:initOrder="99" />
129-->[:firebase_messaging] AndroidManifest.xml:43:13-35
130
131        <activity
131-->[com.google.firebase:firebase-auth:21.0.1] AndroidManifest.xml:27:9-44:20
132            android:name="com.google.firebase.auth.internal.GenericIdpActivity"
132-->[com.google.firebase:firebase-auth:21.0.1] AndroidManifest.xml:28:13-80
133            android:excludeFromRecents="true"
133-->[com.google.firebase:firebase-auth:21.0.1] AndroidManifest.xml:29:13-46
134            android:exported="true"
134-->[com.google.firebase:firebase-auth:21.0.1] AndroidManifest.xml:30:13-36
135            android:launchMode="singleTask"
135-->[com.google.firebase:firebase-auth:21.0.1] AndroidManifest.xml:31:13-44
136            android:theme="@android:style/Theme.Translucent.NoTitleBar" >
136-->[com.google.firebase:firebase-auth:21.0.1] AndroidManifest.xml:32:13-72
137            <intent-filter>
137-->[com.google.firebase:firebase-auth:21.0.1] AndroidManifest.xml:33:13-43:29
138                <action android:name="android.intent.action.VIEW" />
138-->[com.google.firebase:firebase-auth:21.0.1] AndroidManifest.xml:34:17-69
138-->[com.google.firebase:firebase-auth:21.0.1] AndroidManifest.xml:34:25-66
139
140                <category android:name="android.intent.category.DEFAULT" />
140-->[com.google.firebase:firebase-auth:21.0.1] AndroidManifest.xml:36:17-76
140-->[com.google.firebase:firebase-auth:21.0.1] AndroidManifest.xml:36:27-73
141                <category android:name="android.intent.category.BROWSABLE" />
141-->[com.google.firebase:firebase-auth:21.0.1] AndroidManifest.xml:37:17-78
141-->[com.google.firebase:firebase-auth:21.0.1] AndroidManifest.xml:37:27-75
142
143                <data
143-->[com.google.firebase:firebase-auth:21.0.1] AndroidManifest.xml:39:17-42:51
144                    android:host="firebase.auth"
144-->[com.google.firebase:firebase-auth:21.0.1] AndroidManifest.xml:40:21-49
145                    android:path="/"
145-->[com.google.firebase:firebase-auth:21.0.1] AndroidManifest.xml:41:21-37
146                    android:scheme="genericidp" />
146-->[com.google.firebase:firebase-auth:21.0.1] AndroidManifest.xml:42:21-48
147            </intent-filter>
148        </activity>
149        <activity
149-->[com.google.firebase:firebase-auth:21.0.1] AndroidManifest.xml:45:9-62:20
150            android:name="com.google.firebase.auth.internal.RecaptchaActivity"
150-->[com.google.firebase:firebase-auth:21.0.1] AndroidManifest.xml:46:13-79
151            android:excludeFromRecents="true"
151-->[com.google.firebase:firebase-auth:21.0.1] AndroidManifest.xml:47:13-46
152            android:exported="true"
152-->[com.google.firebase:firebase-auth:21.0.1] AndroidManifest.xml:48:13-36
153            android:launchMode="singleTask"
153-->[com.google.firebase:firebase-auth:21.0.1] AndroidManifest.xml:49:13-44
154            android:theme="@android:style/Theme.Translucent.NoTitleBar" >
154-->[com.google.firebase:firebase-auth:21.0.1] AndroidManifest.xml:50:13-72
155            <intent-filter>
155-->[com.google.firebase:firebase-auth:21.0.1] AndroidManifest.xml:51:13-61:29
156                <action android:name="android.intent.action.VIEW" />
156-->[com.google.firebase:firebase-auth:21.0.1] AndroidManifest.xml:34:17-69
156-->[com.google.firebase:firebase-auth:21.0.1] AndroidManifest.xml:34:25-66
157
158                <category android:name="android.intent.category.DEFAULT" />
158-->[com.google.firebase:firebase-auth:21.0.1] AndroidManifest.xml:36:17-76
158-->[com.google.firebase:firebase-auth:21.0.1] AndroidManifest.xml:36:27-73
159                <category android:name="android.intent.category.BROWSABLE" />
159-->[com.google.firebase:firebase-auth:21.0.1] AndroidManifest.xml:37:17-78
159-->[com.google.firebase:firebase-auth:21.0.1] AndroidManifest.xml:37:27-75
160
161                <data
161-->[com.google.firebase:firebase-auth:21.0.1] AndroidManifest.xml:39:17-42:51
162                    android:host="firebase.auth"
162-->[com.google.firebase:firebase-auth:21.0.1] AndroidManifest.xml:40:21-49
163                    android:path="/"
163-->[com.google.firebase:firebase-auth:21.0.1] AndroidManifest.xml:41:21-37
164                    android:scheme="recaptcha" />
164-->[com.google.firebase:firebase-auth:21.0.1] AndroidManifest.xml:42:21-48
165            </intent-filter>
166        </activity>
167
168        <service
168-->[com.google.firebase:firebase-auth:21.0.1] AndroidManifest.xml:64:9-73:19
169            android:name="com.google.firebase.auth.api.fallback.service.FirebaseAuthFallbackService"
169-->[com.google.firebase:firebase-auth:21.0.1] AndroidManifest.xml:65:13-101
170            android:enabled="true"
170-->[com.google.firebase:firebase-auth:21.0.1] AndroidManifest.xml:66:13-35
171            android:exported="false" >
171-->[com.google.firebase:firebase-auth:21.0.1] AndroidManifest.xml:67:13-37
172            <intent-filter>
172-->[com.google.firebase:firebase-auth:21.0.1] AndroidManifest.xml:68:13-72:29
173                <action android:name="com.google.firebase.auth.api.gms.service.START" />
173-->[com.google.firebase:firebase-auth:21.0.1] AndroidManifest.xml:69:17-89
173-->[com.google.firebase:firebase-auth:21.0.1] AndroidManifest.xml:69:25-86
174
175                <category android:name="android.intent.category.DEFAULT" />
175-->[com.google.firebase:firebase-auth:21.0.1] AndroidManifest.xml:36:17-76
175-->[com.google.firebase:firebase-auth:21.0.1] AndroidManifest.xml:36:27-73
176            </intent-filter>
177        </service>
178
179        <receiver
179-->[com.google.firebase:firebase-messaging:22.0.0] AndroidManifest.xml:28:9-35:20
180            android:name="com.google.firebase.iid.FirebaseInstanceIdReceiver"
180-->[com.google.firebase:firebase-messaging:22.0.0] AndroidManifest.xml:29:13-78
181            android:exported="true"
181-->[com.google.firebase:firebase-messaging:22.0.0] AndroidManifest.xml:30:13-36
182            android:permission="com.google.android.c2dm.permission.SEND" >
182-->[com.google.firebase:firebase-messaging:22.0.0] AndroidManifest.xml:31:13-73
183            <intent-filter>
183-->[:firebase_messaging] AndroidManifest.xml:28:13-30:29
184                <action android:name="com.google.android.c2dm.intent.RECEIVE" />
184-->[:firebase_messaging] AndroidManifest.xml:29:17-81
184-->[:firebase_messaging] AndroidManifest.xml:29:25-78
185            </intent-filter>
186        </receiver>
187        <!--
188             FirebaseMessagingService performs security checks at runtime,
189             but set to not exported to explicitly avoid allowing another app to call it.
190        -->
191        <service
191-->[com.google.firebase:firebase-messaging:22.0.0] AndroidManifest.xml:41:9-48:19
192            android:name="com.google.firebase.messaging.FirebaseMessagingService"
192-->[com.google.firebase:firebase-messaging:22.0.0] AndroidManifest.xml:42:13-82
193            android:directBootAware="true"
193-->[com.google.firebase:firebase-messaging:22.0.0] AndroidManifest.xml:43:13-43
194            android:exported="false" >
194-->[com.google.firebase:firebase-messaging:22.0.0] AndroidManifest.xml:44:13-37
195            <intent-filter android:priority="-500" >
195-->[:firebase_messaging] AndroidManifest.xml:19:13-21:29
196                <action android:name="com.google.firebase.MESSAGING_EVENT" />
196-->[:firebase_messaging] AndroidManifest.xml:20:17-78
196-->[:firebase_messaging] AndroidManifest.xml:20:25-75
197            </intent-filter>
198        </service>
199
200        <provider
200-->[com.google.firebase:firebase-common:20.0.0] AndroidManifest.xml:26:9-31:39
201            android:name="com.google.firebase.provider.FirebaseInitProvider"
201-->[com.google.firebase:firebase-common:20.0.0] AndroidManifest.xml:27:13-77
202            android:authorities="com.haisoukanri.haisoukanriflutter.firebaseinitprovider"
202-->[com.google.firebase:firebase-common:20.0.0] AndroidManifest.xml:28:13-72
203            android:directBootAware="true"
203-->[com.google.firebase:firebase-common:20.0.0] AndroidManifest.xml:29:13-43
204            android:exported="false"
204-->[com.google.firebase:firebase-common:20.0.0] AndroidManifest.xml:30:13-37
205            android:initOrder="100" /> <!-- Needs to be explicitly declared on P+ -->
205-->[com.google.firebase:firebase-common:20.0.0] AndroidManifest.xml:31:13-36
206        <uses-library
206-->[com.google.android.gms:play-services-maps:17.0.0] AndroidManifest.xml:33:9-35:40
207            android:name="org.apache.http.legacy"
207-->[com.google.android.gms:play-services-maps:17.0.0] AndroidManifest.xml:34:13-50
208            android:required="false" />
208-->[com.google.android.gms:play-services-maps:17.0.0] AndroidManifest.xml:35:13-37
209
210        <activity
210-->[com.google.android.gms:play-services-base:17.1.0] AndroidManifest.xml:23:9-26:75
211            android:name="com.google.android.gms.common.api.GoogleApiActivity"
211-->[com.google.android.gms:play-services-base:17.1.0] AndroidManifest.xml:24:13-79
212            android:exported="false"
212-->[com.google.android.gms:play-services-base:17.1.0] AndroidManifest.xml:25:13-37
213            android:theme="@android:style/Theme.Translucent.NoTitleBar" />
213-->[com.google.android.gms:play-services-base:17.1.0] AndroidManifest.xml:26:13-72
214
215        <meta-data
215-->[com.google.android.gms:play-services-basement:17.1.0] AndroidManifest.xml:23:9-25:69
216            android:name="com.google.android.gms.version"
216-->[com.google.android.gms:play-services-basement:17.1.0] AndroidManifest.xml:24:13-58
217            android:value="@integer/google_play_services_version" />
217-->[com.google.android.gms:play-services-basement:17.1.0] AndroidManifest.xml:25:13-66
218
219        <service
219-->[com.google.android.datatransport:transport-backend-cct:3.0.0] AndroidManifest.xml:29:9-35:19
220            android:name="com.google.android.datatransport.runtime.backends.TransportBackendDiscovery"
220-->[com.google.android.datatransport:transport-backend-cct:3.0.0] AndroidManifest.xml:30:13-103
221            android:exported="false" >
221-->[com.google.android.datatransport:transport-backend-cct:3.0.0] AndroidManifest.xml:31:13-37
222            <meta-data
222-->[com.google.android.datatransport:transport-backend-cct:3.0.0] AndroidManifest.xml:32:13-34:39
223                android:name="backend:com.google.android.datatransport.cct.CctBackendFactory"
223-->[com.google.android.datatransport:transport-backend-cct:3.0.0] AndroidManifest.xml:33:17-94
224                android:value="cct" />
224-->[com.google.android.datatransport:transport-backend-cct:3.0.0] AndroidManifest.xml:34:17-36
225        </service>
226        <service
226-->[com.google.android.datatransport:transport-runtime:3.0.0] AndroidManifest.xml:26:9-30:19
227            android:name="com.google.android.datatransport.runtime.scheduling.jobscheduling.JobInfoSchedulerService"
227-->[com.google.android.datatransport:transport-runtime:3.0.0] AndroidManifest.xml:27:13-117
228            android:exported="false"
228-->[com.google.android.datatransport:transport-runtime:3.0.0] AndroidManifest.xml:28:13-37
229            android:permission="android.permission.BIND_JOB_SERVICE" >
229-->[com.google.android.datatransport:transport-runtime:3.0.0] AndroidManifest.xml:29:13-69
230        </service>
231
232        <receiver
232-->[com.google.android.datatransport:transport-runtime:3.0.0] AndroidManifest.xml:32:9-34:40
233            android:name="com.google.android.datatransport.runtime.scheduling.jobscheduling.AlarmManagerSchedulerBroadcastReceiver"
233-->[com.google.android.datatransport:transport-runtime:3.0.0] AndroidManifest.xml:33:13-132
234            android:exported="false" />
234-->[com.google.android.datatransport:transport-runtime:3.0.0] AndroidManifest.xml:34:13-37
235    </application>
236
237</manifest>